C:\Program Files\Microsoft Visual Studio\2022\Community\MSBuild\Microsoft\VC\v170\Microsoft.CppBuild.targets(531,5): warning MSB8028: 중간 디렉터리(x64\Debug\)에 다른 프로젝트(ServerPrograming.vcxproj)에서 공유하는 파일이 포함되어 있습니다.  이로 인해 잘못된 정리 및 다시 빌드 동작이 수행될 수 있습니다.
  ClientSocket.cpp
C:\Users\user\Github\Multiplay-ActionRPG-Unity\ServerPrograming\ServerPrograming\Socket.h(48,12): warning C4267: '초기화 중': 'size_t'에서 'int'(으)로 변환하면서 데이터가 손실될 수 있습니다.
  (소스 파일 'ClientSocket.cpp'을(를) 컴파일하는 중)
  
C:\Users\user\Github\Multiplay-ActionRPG-Unity\ServerPrograming\ServerPrograming\Socket.h(59,12): warning C4267: '초기화 중': 'size_t'에서 'int'(으)로 변환하면서 데이터가 손실될 수 있습니다.
  (소스 파일 'ClientSocket.cpp'을(를) 컴파일하는 중)
  
  Server.cpp
C:\Users\user\Github\Multiplay-ActionRPG-Unity\ServerPrograming\ServerPrograming\Socket.h(48,12): warning C4267: '초기화 중': 'size_t'에서 'int'(으)로 변환하면서 데이터가 손실될 수 있습니다.
  (소스 파일 'Server.cpp'을(를) 컴파일하는 중)
  
C:\Users\user\Github\Multiplay-ActionRPG-Unity\ServerPrograming\ServerPrograming\Socket.h(59,12): warning C4267: '초기화 중': 'size_t'에서 'int'(으)로 변환하면서 데이터가 손실될 수 있습니다.
  (소스 파일 'Server.cpp'을(를) 컴파일하는 중)
  
  ServerSocket.cpp
C:\Users\user\Github\Multiplay-ActionRPG-Unity\ServerPrograming\ServerPrograming\Socket.h(48,12): warning C4267: '초기화 중': 'size_t'에서 'int'(으)로 변환하면서 데이터가 손실될 수 있습니다.
  (소스 파일 'ServerSocket.cpp'을(를) 컴파일하는 중)
  
C:\Users\user\Github\Multiplay-ActionRPG-Unity\ServerPrograming\ServerPrograming\Socket.h(59,12): warning C4267: '초기화 중': 'size_t'에서 'int'(으)로 변환하면서 데이터가 손실될 수 있습니다.
  (소스 파일 'ServerSocket.cpp'을(를) 컴파일하는 중)
  
  Socket.cpp
C:\Users\user\Github\Multiplay-ActionRPG-Unity\ServerPrograming\ServerPrograming\Socket.h(48,12): warning C4267: '초기화 중': 'size_t'에서 'int'(으)로 변환하면서 데이터가 손실될 수 있습니다.
  (소스 파일 'Socket.cpp'을(를) 컴파일하는 중)
  
C:\Users\user\Github\Multiplay-ActionRPG-Unity\ServerPrograming\ServerPrograming\Socket.h(59,12): warning C4267: '초기화 중': 'size_t'에서 'int'(으)로 변환하면서 데이터가 손실될 수 있습니다.
  (소스 파일 'Socket.cpp'을(를) 컴파일하는 중)
  
  코드를 생성하고 있습니다...
  ServerPrograming.vcxproj -> C:\Users\user\Github\Multiplay-ActionRPG-Unity\ServerPrograming\x64\Debug\Server.exe
